[23:28:23] [modloading-worker-0/INFO] ========================================
[23:28:23] [modloading-worker-0/INFO] Minecraft: 1.18.2
[23:28:23] [modloading-worker-0/INFO] Side: server
[23:28:23] [modloading-worker-0/INFO] Development: false
[23:28:23] [modloading-worker-0/INFO] Version: 8.3.681
[23:28:23] [modloading-worker-0/INFO] Loader:
[23:28:23] [modloading-worker-0/INFO] - Forge: 40.2.17
[23:28:23] [modloading-worker-0/INFO] Dependencies:
[23:28:23] [modloading-worker-0/INFO] - Cloth Config: 6.5.116
[23:28:23] [modloading-worker-0/INFO] - Architectury: 4.12.94
[23:28:23] [modloading-worker-0/INFO] Mixin: 0.8.5
[23:28:23] [modloading-worker-0/INFO] OS: Linux 6.2.0-1019-azure (amd64)
[23:28:23] [modloading-worker-0/INFO] Java: 21.0.2 (Microsoft)
[23:28:23] [modloading-worker-0/INFO] ========================================
[23:28:23] [modloading-worker-0/INFO] Mods:
[23:28:23] [modloading-worker-0/INFO] - ag_day_counter: 3.0
[23:28:23] [modloading-worker-0/INFO] - alexsmobs: 1.18.6
[23:28:23] [modloading-worker-0/INFO] - ambientsounds: 5.0.16
[23:28:23] [modloading-worker-0/INFO] - aquamirae: 5.api10
[23:28:23] [modloading-worker-0/INFO] - architectury: 4.12.94
[23:28:23] [modloading-worker-0/INFO] - awesomedungeon: 3.2.0
[23:28:23] [modloading-worker-0/INFO] - awesomedungeonend: 3.1.1
[23:28:23] [modloading-worker-0/INFO] - awesomedungeonnether: 3.1.1
[23:28:23] [modloading-worker-0/INFO] - awesomedungeonocean: 3.2.0
[23:28:23] [modloading-worker-0/INFO] - balm: 3.2.6
[23:28:23] [modloading-worker-0/INFO] - betterdeserttemples: 1.18.2-Forge-1.3.1
[23:28:23] [modloading-worker-0/INFO] - betterdungeons: 1.18.2-Forge-2.1.0
[23:28:23] [modloading-worker-0/INFO] - betterendisland: 1.18.2-Forge-1.0
[23:28:23] [modloading-worker-0/INFO] - betterfortresses: 1.18.2-Forge-1.0.0
[23:28:23] [modloading-worker-0/INFO] - bettermineshafts: 1.18.2-Forge-2.2
[23:28:23] [modloading-worker-0/INFO] - betterstrongholds: 1.18.2-Forge-2.1.1
[23:28:23] [modloading-worker-0/INFO] - bettervillage: 3.2.0
[23:28:23] [modloading-worker-0/INFO] - bossominium: 18.0.0
[23:28:23] [modloading-worker-0/INFO] - caelus: 1.18.1-3.0.0.2
[23:28:23] [modloading-worker-0/INFO] - capybaramod: 0.0.1
[23:28:23] [modloading-worker-0/INFO] - carryon: 1.17.2.15
[23:28:23] [modloading-worker-0/INFO] - champions: 1.18.2-2.1.6.3
[23:28:23] [modloading-worker-0/INFO] - citadel: 1.11.3
[23:28:23] [modloading-worker-0/INFO] - cloth_config: 6.5.116
[23:28:23] [modloading-worker-0/INFO] - collective: 7.7
[23:28:23] [modloading-worker-0/INFO] - comforts: 1.18.2-5.0.0.6
[23:28:23] [modloading-worker-0/INFO] - coroutil: 1.18.2-1.3.6
[23:28:23] [modloading-worker-0/INFO] - corpse: 1.18.2-1.0.1
[23:28:23] [modloading-worker-0/INFO] - create: 0.5.1.f
[23:28:23] [modloading-worker-0/INFO] - creativecore: 0.0NONE
[23:28:23] [modloading-worker-0/INFO] - curios: 1.18.2-5.0.9.2
[23:28:23] [modloading-worker-0/INFO] - curious_armor_stands: 1.18.1-4.0.1
[23:28:23] [modloading-worker-0/INFO] - demogorgon: 1.0.01.18.2
[23:28:23] [modloading-worker-0/INFO] - duneons: 1.17
[23:28:23] [modloading-worker-0/INFO] - dungeons_arise: 2.1.52-1.18.2
[23:28:23] [modloading-worker-0/INFO] - dungeons_gear: 1.18.2-4.0.2-beta
[23:28:23] [modloading-worker-0/INFO] - dungeons_libraries: 1.18.2-2.0.5-beta
[23:28:23] [modloading-worker-0/INFO] - dungeons_mobs: 1.18.2-3.0.2-beta
[23:28:23] [modloading-worker-0/INFO] - elevatorid: 1.18.2-1.8.4
[23:28:23] [modloading-worker-0/INFO] - enhancedai: 1.6.11
[23:28:23] [modloading-worker-0/INFO] - fastleafdecay: 28
[23:28:23] [modloading-worker-0/INFO] - feathers: 1.0.4
[23:28:23] [modloading-worker-0/INFO] - flywheel: 0.6.10-105
[23:28:23] [modloading-worker-0/INFO] - forge: 40.2.17
[23:28:23] [modloading-worker-0/INFO] - geckolib3: 3.0.57
[23:28:23] [modloading-worker-0/INFO] - graveyard: 1.9.7
[23:28:23] [modloading-worker-0/INFO] - horde_hoard: 1.0.0
[23:28:23] [modloading-worker-0/INFO] - iceandfire: 2.1.13-1.18.2+build.beta-3
[23:28:23] [modloading-worker-0/INFO] - illagerrevolutionmod: 2.4 - 1.18.2
[23:28:23] [modloading-worker-0/INFO] - immersive_aircraft: 0.4.3+1.18.2
[23:28:23] [modloading-worker-0/INFO] - infernalexp: 2.5.0
[23:28:23] [modloading-worker-0/INFO] - insanelib: 1.5.3
[23:28:23] [modloading-worker-0/INFO] - irons_spellbooks: 1.18.2-1.1.4.4
[23:28:23] [modloading-worker-0/INFO] - libraryferret: 4.0.0
[23:28:23] [modloading-worker-0/INFO] - lootr: 0.3.26.68
[23:28:23] [modloading-worker-0/INFO] - minecraft: 1.18.2
[23:28:23] [modloading-worker-0/INFO] - more_ships: 3.0.0
[23:28:23] [modloading-worker-0/INFO] - mowziesmobs: 1.6.3
[23:28:23] [modloading-worker-0/INFO] - naturallychargedcreepers: 3.3
[23:28:23] [modloading-worker-0/INFO] - obscure_api: 10
[23:28:23] [modloading-worker-0/INFO] - obsidianboat: 1.5.0-build.13+mc1.18.2
[23:28:23] [modloading-worker-0/INFO] - paraglider: 1.6.0.6
[23:28:23] [modloading-worker-0/INFO] - parcool: 1.18.2-3.1.0.6-R
[23:28:23] [modloading-worker-0/INFO] - patchouli: 1.18.2-71.1
[23:28:23] [modloading-worker-0/INFO] - playeranimator: 1.0.2+1.18
[23:28:23] [modloading-worker-0/INFO] - portablecraftingtable: 3.0.2
[23:28:23] [modloading-worker-0/INFO] - powder_power: 3.5.19
[23:28:23] [modloading-worker-0/INFO] - presencefootsteps: 1.18.2-1.5.1
[23:28:23] [modloading-worker-0/INFO] - puzzleslib: 3.5.9
[23:28:23] [modloading-worker-0/INFO] - reap: 1.18.2-1.0.0
[23:28:23] [modloading-worker-0/INFO] - recruits: 1.10.15
[23:28:23] [modloading-worker-0/INFO] - roughlyenoughitems: 8.3.681
[23:28:23] [modloading-worker-0/INFO] - rpgsmw: 4.4.3
[23:28:23] [modloading-worker-0/INFO] - scalinghealth: 6.3.1+6
[23:28:23] [modloading-worker-0/INFO] - shouldersurfing: 1.18.2-2.9.5
[23:28:23] [modloading-worker-0/INFO] - silentlib: 6.2.0
[23:28:23] [modloading-worker-0/INFO] - sophisticatedbackpacks: 1.18.2-3.20.2.1026
[23:28:23] [modloading-worker-0/INFO] - sophisticatedcore: 1.18.2-0.6.3.565
[23:28:23] [modloading-worker-0/INFO] - sound_physics_remastered: 1.18.2-1.0.6
[23:28:23] [modloading-worker-0/INFO] - spartanshields: 3.0.1
[23:28:23] [modloading-worker-0/INFO] - spellsword: 1.0
[23:28:23] [modloading-worker-0/INFO] - stalwart_dungeons: 1.2.8
[23:28:23] [modloading-worker-0/INFO] - storagenetwork: 1.18.2-1.7.0
[23:28:23] [modloading-worker-0/INFO] - t_and_t: 0.0NONE
[23:28:23] [modloading-worker-0/INFO] - tlskincape: 1.25
[23:28:23] [modloading-worker-0/INFO] - trashslot: 11.0.3
[23:28:23] [modloading-worker-0/INFO] - travelersbackpack: 7.1.46
[23:28:23] [modloading-worker-0/INFO] - travelerstitles: 1.18.2-Forge-2.1.1
[23:28:23] [modloading-worker-0/INFO] - undead_revamp2: 1.0.0
[23:28:23] [modloading-worker-0/INFO] - visualworkbench: 3.3.0
[23:28:23] [modloading-worker-0/INFO] - walljump: 1.18.1-1.3.7
[23:28:23] [modloading-worker-0/INFO] - witherstormmod: 2.2.1
[23:28:23] [modloading-worker-0/INFO] - workers: 1.7.7
[23:28:23] [modloading-worker-0/INFO] - xaerominimap: 23.9.7
[23:28:23] [modloading-worker-0/INFO] - xaeroworldmap: 1.37.8
[23:28:23] [modloading-worker-0/INFO] - yungsapi: 1.18.2-Forge-2.2.9
[23:28:23] [modloading-worker-0/INFO] - zombieawareness: 1.18.1-1.12.3
[23:28:23] [modloading-worker-0/INFO] ========================================
[23:28:24] [modloading-worker-0/INFO] [REI] Registered plugin provider DefaultPluginImpl [roughlyenoughitems] for REIServerPlugin
[23:28:24] [modloading-worker-0/INFO] [REI] Registered plugin provider DefaultPluginImpl [roughlyenoughitems] for REIPlugin
[23:28:24] [modloading-worker-0/INFO] [REI] Registered plugin provider DefaultRuntimePlugin [roughlyenoughitems] for REIServerPlugin
[23:28:24] [modloading-worker-0/INFO] [REI] Registered plugin provider DefaultRuntimePlugin [roughlyenoughitems] for REIPlugin
[23:29:04] [Worker-Main-5/DEBUG] [REI] Processed 0 tags in 43.50 μs for minecraft:worldgen/configured_structure_feature
[23:29:04] [Worker-Main-6/DEBUG] [REI] Processed 0 tags in 113.5 μs for minecraft:worldgen/biome
[23:29:05] [Worker-Main-4/DEBUG] [REI] Processed 2 tags in 1.041 ms for minecraft:game_event
[23:29:05] [Worker-Main-6/DEBUG] [REI] Processed 13 tags in 99.20 μs for minecraft:fluid
[23:29:05] [Worker-Main-5/DEBUG] [REI] Processed 75 tags in 419.6 μs for minecraft:entity_type
[23:29:05] [Worker-Main-4/DEBUG] [REI] Processed 348 tags in 7.227 ms for minecraft:block
[23:29:05] [Worker-Main-6/DEBUG] [REI] Processed 495 tags in 2.013 ms for minecraft:item
[23:29:06] [Worker-Main-6/DEBUG] [REI] Processed 1 tags in 14.96 μs for minecraft:recipe_serializer
[23:29:15] [Worker-Main-6/DEBUG] [REI] ========================================
[23:29:15] [Worker-Main-6/DEBUG] [REI] REIPlugin starting pre-reload for START.
[23:29:15] [Worker-Main-6/DEBUG] [REI] Reloadables (7):
[23:29:15] [Worker-Main-6/DEBUG] [REI]  - EntryTypeRegistryImpl
[23:29:15] [Worker-Main-6/DEBUG] [REI]  - EntrySettingsAdapterRegistryImpl
[23:29:15] [Worker-Main-6/DEBUG] [REI]  - RecipeManagerContextImpl
[23:29:15] [Worker-Main-6/DEBUG] [REI]  - ItemComparatorRegistryImpl
[23:29:15] [Worker-Main-6/DEBUG] [REI]  - FluidComparatorRegistryImpl
[23:29:15] [Worker-Main-6/DEBUG] [REI]  - DisplaySerializerRegistryImpl
[23:29:15] [Worker-Main-6/DEBUG] [REI]  - FluidSupportProviderImpl
[23:29:15] [Worker-Main-6/DEBUG] [REI] Plugins (2):
[23:29:15] [Worker-Main-6/DEBUG] [REI]  - (-100.00) DefaultPluginImpl of DefaultPluginImpl [roughlyenoughitems]
[23:29:15] [Worker-Main-6/DEBUG] [REI]  - (0.00) DefaultRuntimePlugin of DefaultRuntimePlugin [roughlyenoughitems]
[23:29:15] [Worker-Main-6/DEBUG] [REI] ========================================
[23:29:15] [Worker-Main-6/TRACE] [REI] [REIPlugin START] Reloading Section: "pre-register/"
[23:29:15] [Worker-Main-6/TRACE] [REI] [REIPlugin START] Reloading Section: "pre-register/DefaultPluginImpl of DefaultPluginImpl [roughlyenoughitems]/"
[23:29:15] [Worker-Main-6/TRACE] [REI] [REIPlugin START] Reloading Section: "pre-register/DefaultPluginImpl of DefaultPluginImpl [roughlyenoughitems]/" done in 3.622 ms
[23:29:15] [Worker-Main-6/TRACE] [REI] [REIPlugin START] Reloading Section: "pre-register/DefaultRuntimePlugin of DefaultRuntimePlugin [roughlyenoughitems]/"
[23:29:15] [Worker-Main-6/TRACE] [REI] [REIPlugin START] Reloading Section: "pre-register/DefaultRuntimePlugin of DefaultRuntimePlugin [roughlyenoughitems]/" done in 23.14 μs
[23:29:15] [Worker-Main-6/TRACE] [REI] [REIPlugin START] Reloading Section: "pre-register/" done in 39.85 ms
[23:29:15] [Worker-Main-6/TRACE] [REI] [REIPlugin START] Reloading Section: "pre-stage/"
[23:29:15] [Worker-Main-6/TRACE] [REI] [REIPlugin START] Reloading Section: "pre-stage/EntryTypeRegistryImpl/"
[23:29:15] [Worker-Main-6/TRACE] [REI] [REIPlugin START] Reloading Section: "pre-stage/EntryTypeRegistryImpl/" done in 478.4 μs
[23:29:15] [Worker-Main-6/TRACE] [REI] [REIPlugin START] Reloading Section: "pre-stage/EntrySettingsAdapterRegistryImpl/"
[23:29:15] [Worker-Main-6/TRACE] [REI] [REIPlugin START] Reloading Section: "pre-stage/EntrySettingsAdapterRegistryImpl/" done in 7.103 μs
[23:29:15] [Worker-Main-6/TRACE] [REI] [REIPlugin START] Reloading Section: "pre-stage/RecipeManagerContextImpl/"
[23:29:15] [Worker-Main-6/TRACE] [REI] [REIPlugin START] Reloading Section: "pre-stage/RecipeManagerContextImpl/" done in 6.342 μs
[23:29:15] [Worker-Main-6/TRACE] [REI] [REIPlugin START] Reloading Section: "pre-stage/ItemComparatorRegistryImpl/"
[23:29:15] [Worker-Main-6/TRACE] [REI] [REIPlugin START] Reloading Section: "pre-stage/ItemComparatorRegistryImpl/" done in 6.613 μs
[23:29:15] [Worker-Main-6/TRACE] [REI] [REIPlugin START] Reloading Section: "pre-stage/FluidComparatorRegistryImpl/"
[23:29:15] [Worker-Main-6/TRACE] [REI] [REIPlugin START] Reloading Section: "pre-stage/FluidComparatorRegistryImpl/" done in 6.692 μs
[23:29:15] [Worker-Main-6/TRACE] [REI] [REIPlugin START] Reloading Section: "pre-stage/DisplaySerializerRegistryImpl/"
[23:29:15] [Worker-Main-6/TRACE] [REI] [REIPlugin START] Reloading Section: "pre-stage/DisplaySerializerRegistryImpl/" done in 91.91 μs
[23:29:15] [Worker-Main-6/TRACE] [REI] [REIPlugin START] Reloading Section: "pre-stage/FluidSupportProviderImpl/"
[23:29:15] [Worker-Main-6/TRACE] [REI] [REIPlugin START] Reloading Section: "pre-stage/FluidSupportProviderImpl/" done in 26.79 μs
[23:29:15] [Worker-Main-6/TRACE] [REI] [REIPlugin START] Reloading Section: "pre-stage/" done in 4.226 ms
[23:29:15] [Worker-Main-6/DEBUG] [REI] ========================================
[23:29:15] [Worker-Main-6/DEBUG] [REI] REIPlugin finished pre-reload for START in 53.83 ms.
[23:29:15] [Worker-Main-6/DEBUG] [REI] ========================================
[23:29:15] [Worker-Main-6/DEBUG] [REI] ========================================
[23:29:15] [Worker-Main-6/DEBUG] [REI] REIServerPlugin starting pre-reload for START.
[23:29:15] [Worker-Main-6/DEBUG] [REI] Reloadables (2):
[23:29:15] [Worker-Main-6/DEBUG] [REI]  - MenuInfoRegistryImpl
[23:29:15] [Worker-Main-6/DEBUG] [REI]  - SlotAccessorRegistryImpl
[23:29:15] [Worker-Main-6/DEBUG] [REI] Plugins (2):
[23:29:15] [Worker-Main-6/DEBUG] [REI]  - (-100.00) DefaultPluginImpl of DefaultPluginImpl [roughlyenoughitems]
[23:29:15] [Worker-Main-6/DEBUG] [REI]  - (0.00) DefaultRuntimePlugin of DefaultRuntimePlugin [roughlyenoughitems]
[23:29:15] [Worker-Main-6/DEBUG] [REI] ========================================
[23:29:15] [Worker-Main-6/TRACE] [REI] [REIServerPlugin START] Reloading Section: "pre-register/"
[23:29:15] [Worker-Main-6/TRACE] [REI] [REIServerPlugin START] Reloading Section: "pre-register/DefaultPluginImpl of DefaultPluginImpl [roughlyenoughitems]/"
[23:29:15] [Worker-Main-6/TRACE] [REI] [REIServerPlugin START] Reloading Section: "pre-register/DefaultPluginImpl of DefaultPluginImpl [roughlyenoughitems]/" done in 16.83 μs
[23:29:15] [Worker-Main-6/TRACE] [REI] [REIServerPlugin START] Reloading Section: "pre-register/DefaultRuntimePlugin of DefaultRuntimePlugin [roughlyenoughitems]/"
[23:29:15] [Worker-Main-6/TRACE] [REI] [REIServerPlugin START] Reloading Section: "pre-register/DefaultRuntimePlugin of DefaultRuntimePlugin [roughlyenoughitems]/" done in 8.055 μs
[23:29:15] [Worker-Main-6/TRACE] [REI] [REIServerPlugin START] Reloading Section: "pre-register/" done in 1.213 ms
[23:29:15] [Worker-Main-6/TRACE] [REI] [REIServerPlugin START] Reloading Section: "pre-stage/"
[23:29:15] [Worker-Main-6/TRACE] [REI] [REIServerPlugin START] Reloading Section: "pre-stage/MenuInfoRegistryImpl/"
[23:29:15] [Worker-Main-6/TRACE] [REI] [REIServerPlugin START] Reloading Section: "pre-stage/MenuInfoRegistryImpl/" done in 8.686 μs
[23:29:15] [Worker-Main-6/TRACE] [REI] [REIServerPlugin START] Reloading Section: "pre-stage/SlotAccessorRegistryImpl/"
[23:29:15] [Worker-Main-6/TRACE] [REI] [REIServerPlugin START] Reloading Section: "pre-stage/SlotAccessorRegistryImpl/" done in 6.993 μs
[23:29:15] [Worker-Main-6/TRACE] [REI] [REIServerPlugin START] Reloading Section: "pre-stage/" done in 953.8 μs
[23:29:15] [Worker-Main-6/DEBUG] [REI] ========================================
[23:29:15] [Worker-Main-6/DEBUG] [REI] REIServerPlugin finished pre-reload for START in 3.124 ms.
[23:29:15] [Worker-Main-6/DEBUG] [REI] ========================================
[23:29:15] [Worker-Main-6/INFO] [REI] ========================================
[23:29:15] [Worker-Main-6/INFO] [REI] REIPlugin starting main-reload for START.
[23:29:15] [Worker-Main-6/DEBUG] [REI] Reloadables (7):
[23:29:15] [Worker-Main-6/DEBUG] [REI]  - EntryTypeRegistryImpl
[23:29:15] [Worker-Main-6/DEBUG] [REI]  - EntrySettingsAdapterRegistryImpl
[23:29:15] [Worker-Main-6/DEBUG] [REI]  - RecipeManagerContextImpl
[23:29:15] [Worker-Main-6/DEBUG] [REI]  - ItemComparatorRegistryImpl
[23:29:15] [Worker-Main-6/DEBUG] [REI]  - FluidComparatorRegistryImpl
[23:29:15] [Worker-Main-6/DEBUG] [REI]  - DisplaySerializerRegistryImpl
[23:29:15] [Worker-Main-6/DEBUG] [REI]  - FluidSupportProviderImpl
[23:29:15] [Worker-Main-6/INFO] [REI] Plugins (2):
[23:29:15] [Worker-Main-6/INFO] [REI]  - (-100.00) DefaultPluginImpl of DefaultPluginImpl [roughlyenoughitems]
[23:29:15] [Worker-Main-6/INFO] [REI]  - (0.00) DefaultRuntimePlugin of DefaultRuntimePlugin [roughlyenoughitems]
[23:29:15] [Worker-Main-6/INFO] [REI] ========================================
[23:29:15] [Worker-Main-6/TRACE] [REI] [REIPlugin START] Reloading Section: "start-reload/"
[23:29:15] [Worker-Main-6/TRACE] [REI] [REIPlugin START] Reloading Section: "start-reload/EntryTypeRegistryImpl/"
[23:29:15] [Worker-Main-6/TRACE] [REI] [REIPlugin START] Reloading Section: "start-reload/EntryTypeRegistryImpl/" done in 128.7 μs
[23:29:15] [Worker-Main-6/TRACE] [REI] [REIPlugin START] Reloading Section: "start-reload/EntrySettingsAdapterRegistryImpl/"
[23:29:15] [Worker-Main-6/TRACE] [REI] [REIPlugin START] Reloading Section: "start-reload/EntrySettingsAdapterRegistryImpl/" done in 12.14 μs
[23:29:15] [Worker-Main-6/TRACE] [REI] [REIPlugin START] Reloading Section: "start-reload/RecipeManagerContextImpl/"
[23:29:15] [Worker-Main-6/TRACE] [REI] [REIPlugin START] Reloading Section: "start-reload/RecipeManagerContextImpl/" done in 7.845 μs
[23:29:15] [Worker-Main-6/TRACE] [REI] [REIPlugin START] Reloading Section: "start-reload/ItemComparatorRegistryImpl/"
[23:29:15] [Worker-Main-6/TRACE] [REI] [REIPlugin START] Reloading Section: "start-reload/ItemComparatorRegistryImpl/" done in 110.8 μs
[23:29:15] [Worker-Main-6/TRACE] [REI] [REIPlugin START] Reloading Section: "start-reload/FluidComparatorRegistryImpl/"
[23:29:15] [Worker-Main-6/TRACE] [REI] [REIPlugin START] Reloading Section: "start-reload/FluidComparatorRegistryImpl/" done in 96.36 μs
[23:29:15] [Worker-Main-6/TRACE] [REI] [REIPlugin START] Reloading Section: "start-reload/DisplaySerializerRegistryImpl/"
[23:29:15] [Worker-Main-6/TRACE] [REI] [REIPlugin START] Reloading Section: "start-reload/DisplaySerializerRegistryImpl/" done in 7.474 μs
[23:29:15] [Worker-Main-6/TRACE] [REI] [REIPlugin START] Reloading Section: "start-reload/FluidSupportProviderImpl/"
[23:29:15] [Worker-Main-6/TRACE] [REI] [REIPlugin START] Reloading Section: "start-reload/FluidSupportProviderImpl/" done in 105.4 μs
[23:29:15] [Worker-Main-6/TRACE] [REI] [REIPlugin START] Reloading Section: "start-reload/" done in 4.114 ms
[23:29:15] [Worker-Main-6/DEBUG] [REI] ========================================
[23:29:15] [Worker-Main-6/DEBUG] [REI] REIPlugin started main-reload for START.
[23:29:15] [Worker-Main-6/DEBUG] [REI] ========================================
[23:29:15] [Worker-Main-6/TRACE] [REI] [REIPlugin START] Reloading Section: "reloadable-plugin/EntryTypeRegistryImpl/"
[23:29:15] [Worker-Main-6/TRACE] [REI] [REIPlugin START] Reloading Section: "reloadable-plugin/EntryTypeRegistryImpl/DefaultPluginImpl of DefaultPluginImpl [roughlyenoughitems]/"
[23:29:15] [Worker-Main-6/TRACE] [REI] [REIPlugin START] Reloading Section: "reloadable-plugin/EntryTypeRegistryImpl/DefaultPluginImpl of DefaultPluginImpl [roughlyenoughitems]/" done in 516.2 μs
[23:29:15] [Worker-Main-6/TRACE] [REI] [REIPlugin START] Reloading Section: "reloadable-plugin/EntryTypeRegistryImpl/DefaultRuntimePlugin of DefaultRuntimePlugin [roughlyenoughitems]/"
[23:29:15] [Worker-Main-6/TRACE] [REI] [REIPlugin START] Reloading Section: "reloadable-plugin/EntryTypeRegistryImpl/DefaultRuntimePlugin of DefaultRuntimePlugin [roughlyenoughitems]/" done in 24.21 ms
[23:29:15] [Worker-Main-6/TRACE] [REI] [REIPlugin START] Reloading Section: "reloadable-plugin/EntryTypeRegistryImpl/" done in 27.19 ms
[23:29:15] [Worker-Main-6/TRACE] [REI] [REIPlugin START] Reloading Section: "reloadable-plugin/EntrySettingsAdapterRegistryImpl/"
[23:29:15] [Worker-Main-6/TRACE] [REI] [REIPlugin START] Reloading Section: "reloadable-plugin/EntrySettingsAdapterRegistryImpl/DefaultPluginImpl of DefaultPluginImpl [roughlyenoughitems]/"
[23:29:15] [Worker-Main-6/TRACE] [REI] [REIPlugin START] Reloading Section: "reloadable-plugin/EntrySettingsAdapterRegistryImpl/DefaultPluginImpl of DefaultPluginImpl [roughlyenoughitems]/" done in 14.47 μs
[23:29:15] [Worker-Main-6/TRACE] [REI] [REIPlugin START] Reloading Section: "reloadable-plugin/EntrySettingsAdapterRegistryImpl/DefaultRuntimePlugin of DefaultRuntimePlugin [roughlyenoughitems]/"
[23:29:15] [Worker-Main-6/TRACE] [REI] [REIPlugin START] Reloading Section: "reloadable-plugin/EntrySettingsAdapterRegistryImpl/DefaultRuntimePlugin of DefaultRuntimePlugin [roughlyenoughitems]/" done in 11.42 μs
[23:29:15] [Worker-Main-6/TRACE] [REI] [REIPlugin START] Reloading Section: "reloadable-plugin/EntrySettingsAdapterRegistryImpl/" done in 965.7 μs
[23:29:15] [Worker-Main-6/TRACE] [REI] [REIPlugin START] Reloading Section: "reloadable-plugin/RecipeManagerContextImpl/"
[23:29:15] [Worker-Main-6/TRACE] [REI] [REIPlugin START] Reloading Section: "reloadable-plugin/RecipeManagerContextImpl/DefaultPluginImpl of DefaultPluginImpl [roughlyenoughitems]/"
[23:29:15] [Worker-Main-6/TRACE] [REI] [REIPlugin START] Reloading Section: "reloadable-plugin/RecipeManagerContextImpl/DefaultPluginImpl of DefaultPluginImpl [roughlyenoughitems]/" done in 12.17 μs
[23:29:15] [Worker-Main-6/TRACE] [REI] [REIPlugin START] Reloading Section: "reloadable-plugin/RecipeManagerContextImpl/DefaultRuntimePlugin of DefaultRuntimePlugin [roughlyenoughitems]/"
[23:29:15] [Worker-Main-6/TRACE] [REI] [REIPlugin START] Reloading Section: "reloadable-plugin/RecipeManagerContextImpl/DefaultRuntimePlugin of DefaultRuntimePlugin [roughlyenoughitems]/" done in 12.33 μs
[23:29:15] [Worker-Main-6/TRACE] [REI] [REIPlugin START] Reloading Section: "reloadable-plugin/RecipeManagerContextImpl/" done in 1.032 ms
[23:29:15] [Worker-Main-6/TRACE] [REI] [REIPlugin START] Reloading Section: "reloadable-plugin/ItemComparatorRegistryImpl/"
[23:29:15] [Worker-Main-6/TRACE] [REI] [REIPlugin START] Reloading Section: "reloadable-plugin/ItemComparatorRegistryImpl/DefaultPluginImpl of DefaultPluginImpl [roughlyenoughitems]/"
[23:29:15] [Worker-Main-6/TRACE] [REI] [REIPlugin START] Reloading Section: "reloadable-plugin/ItemComparatorRegistryImpl/DefaultPluginImpl of DefaultPluginImpl [roughlyenoughitems]/" done in 2.164 ms
[23:29:15] [Worker-Main-6/TRACE] [REI] [REIPlugin START] Reloading Section: "reloadable-plugin/ItemComparatorRegistryImpl/DefaultRuntimePlugin of DefaultRuntimePlugin [roughlyenoughitems]/"
[23:29:15] [Worker-Main-6/TRACE] [REI] [REIPlugin START] Reloading Section: "reloadable-plugin/ItemComparatorRegistryImpl/DefaultRuntimePlugin of DefaultRuntimePlugin [roughlyenoughitems]/" done in 14.95 μs
[23:29:15] [Worker-Main-6/TRACE] [REI] [REIPlugin START] Reloading Section: "reloadable-plugin/ItemComparatorRegistryImpl/" done in 3.398 ms
[23:29:15] [Worker-Main-6/TRACE] [REI] [REIPlugin START] Reloading Section: "reloadable-plugin/FluidComparatorRegistryImpl/"
[23:29:15] [Worker-Main-6/TRACE] [REI] [REIPlugin START] Reloading Section: "reloadable-plugin/FluidComparatorRegistryImpl/DefaultPluginImpl of DefaultPluginImpl [roughlyenoughitems]/"
[23:29:15] [Worker-Main-6/TRACE] [REI] [REIPlugin START] Reloading Section: "reloadable-plugin/FluidComparatorRegistryImpl/DefaultPluginImpl of DefaultPluginImpl [roughlyenoughitems]/" done in 112.5 μs
[23:29:15] [Worker-Main-6/TRACE] [REI] [REIPlugin START] Reloading Section: "reloadable-plugin/FluidComparatorRegistryImpl/DefaultRuntimePlugin of DefaultRuntimePlugin [roughlyenoughitems]/"
[23:29:15] [Worker-Main-6/TRACE] [REI] [REIPlugin START] Reloading Section: "reloadable-plugin/FluidComparatorRegistryImpl/DefaultRuntimePlugin of DefaultRuntimePlugin [roughlyenoughitems]/" done in 12.62 μs
[23:29:15] [Worker-Main-6/TRACE] [REI] [REIPlugin START] Reloading Section: "reloadable-plugin/FluidComparatorRegistryImpl/" done in 1.108 ms
[23:29:15] [Worker-Main-6/TRACE] [REI] [REIPlugin START] Reloading Section: "reloadable-plugin/DisplaySerializerRegistryImpl/"
[23:29:15] [Worker-Main-6/TRACE] [REI] [REIPlugin START] Reloading Section: "reloadable-plugin/DisplaySerializerRegistryImpl/DefaultPluginImpl of DefaultPluginImpl [roughlyenoughitems]/"
[23:29:15] [Worker-Main-6/TRACE] [REI] [REIPlugin START] Reloading Section: "reloadable-plugin/DisplaySerializerRegistryImpl/DefaultPluginImpl of DefaultPluginImpl [roughlyenoughitems]/" done in 11.40 μs
[23:29:15] [Worker-Main-6/TRACE] [REI] [REIPlugin START] Reloading Section: "reloadable-plugin/DisplaySerializerRegistryImpl/DefaultRuntimePlugin of DefaultRuntimePlugin [roughlyenoughitems]/"
[23:29:15] [Worker-Main-6/TRACE] [REI] [REIPlugin START] Reloading Section: "reloadable-plugin/DisplaySerializerRegistryImpl/DefaultRuntimePlugin of DefaultRuntimePlugin [roughlyenoughitems]/" done in 13.04 μs
[23:29:15] [Worker-Main-6/TRACE] [REI] [REIPlugin START] Reloading Section: "reloadable-plugin/DisplaySerializerRegistryImpl/" done in 1.317 ms
[23:29:15] [Worker-Main-6/TRACE] [REI] [REIPlugin START] Reloading Section: "reloadable-plugin/FluidSupportProviderImpl/"
[23:29:15] [Worker-Main-6/TRACE] [REI] [REIPlugin START] Reloading Section: "reloadable-plugin/FluidSupportProviderImpl/DefaultPluginImpl of DefaultPluginImpl [roughlyenoughitems]/"
[23:29:15] [Worker-Main-6/TRACE] [REI] [REIPlugin START] Reloading Section: "reloadable-plugin/FluidSupportProviderImpl/DefaultPluginImpl of DefaultPluginImpl [roughlyenoughitems]/" done in 1.929 ms
[23:29:15] [Worker-Main-6/TRACE] [REI] [REIPlugin START] Reloading Section: "reloadable-plugin/FluidSupportProviderImpl/DefaultRuntimePlugin of DefaultRuntimePlugin [roughlyenoughitems]/"
[23:29:15] [Worker-Main-6/TRACE] [REI] [REIPlugin START] Reloading Section: "reloadable-plugin/FluidSupportProviderImpl/DefaultRuntimePlugin of DefaultRuntimePlugin [roughlyenoughitems]/" done in 97.76 μs
[23:29:15] [Worker-Main-6/TRACE] [REI] [REIPlugin START] Reloading Section: "reloadable-plugin/FluidSupportProviderImpl/" done in 3.237 ms
[23:29:15] [Worker-Main-6/DEBUG] [REI] ========================================
[23:29:15] [Worker-Main-6/DEBUG] [REI] REIPlugin ending main-reload for START.
[23:29:15] [Worker-Main-6/DEBUG] [REI] ========================================
[23:29:15] [Worker-Main-6/TRACE] [REI] [REIPlugin START] Reloading Section: "end-reload/"
[23:29:15] [Worker-Main-6/TRACE] [REI] [REIPlugin START] Reloading Section: "end-reload/EntryTypeRegistryImpl/"
[23:29:15] [Worker-Main-6/TRACE] [REI] [REIPlugin START] Reloading Section: "end-reload/EntryTypeRegistryImpl/" done in 13.23 μs
[23:29:15] [Worker-Main-6/TRACE] [REI] [REIPlugin START] Reloading Section: "end-reload/EntrySettingsAdapterRegistryImpl/"
[23:29:15] [Worker-Main-6/TRACE] [REI] [REIPlugin START] Reloading Section: "end-reload/EntrySettingsAdapterRegistryImpl/" done in 6.883 μs
[23:29:15] [Worker-Main-6/TRACE] [REI] [REIPlugin START] Reloading Section: "end-reload/RecipeManagerContextImpl/"
[23:29:15] [Worker-Main-6/TRACE] [REI] [REIPlugin START] Reloading Section: "end-reload/RecipeManagerContextImpl/" done in 6.502 μs
[23:29:15] [Worker-Main-6/TRACE] [REI] [REIPlugin START] Reloading Section: "end-reload/ItemComparatorRegistryImpl/"
[23:29:15] [Worker-Main-6/TRACE] [REI] [REIPlugin START] Reloading Section: "end-reload/ItemComparatorRegistryImpl/" done in 6.733 μs
[23:29:15] [Worker-Main-6/TRACE] [REI] [REIPlugin START] Reloading Section: "end-reload/FluidComparatorRegistryImpl/"
[23:29:15] [Worker-Main-6/TRACE] [REI] [REIPlugin START] Reloading Section: "end-reload/FluidComparatorRegistryImpl/" done in 8.576 μs
[23:29:15] [Worker-Main-6/TRACE] [REI] [REIPlugin START] Reloading Section: "end-reload/DisplaySerializerRegistryImpl/"
[23:29:15] [Worker-Main-6/TRACE] [REI] [REIPlugin START] Reloading Section: "end-reload/DisplaySerializerRegistryImpl/" done in 7.243 μs
[23:29:15] [Worker-Main-6/TRACE] [REI] [REIPlugin START] Reloading Section: "end-reload/FluidSupportProviderImpl/"
[23:29:15] [Worker-Main-6/TRACE] [REI] [REIPlugin START] Reloading Section: "end-reload/FluidSupportProviderImpl/" done in 7.744 μs
[23:29:15] [Worker-Main-6/TRACE] [REI] [REIPlugin START] Reloading Section: "end-reload/" done in 3.984 ms
[23:29:15] [Worker-Main-6/DEBUG] [REI] ========================================
[23:29:15] [Worker-Main-6/DEBUG] [REI] REIPlugin ended main-reload for START in 59.98 ms.
[23:29:15] [Worker-Main-6/DEBUG] [REI] ========================================
[23:29:15] [Worker-Main-6/INFO] [REI] OOOOOOOOOOOOOOOOOOOOOOOOOOOOOOOOOOOOOOOO
[23:29:15] [Worker-Main-6/INFO] [REI] REIServerPlugin starting main-reload for START.
[23:29:15] [Worker-Main-6/DEBUG] [REI] Reloadables (2):
[23:29:15] [Worker-Main-6/DEBUG] [REI]  - MenuInfoRegistryImpl
[23:29:15] [Worker-Main-6/DEBUG] [REI]  - SlotAccessorRegistryImpl
[23:29:15] [Worker-Main-6/INFO] [REI] Plugins (2):
[23:29:15] [Worker-Main-6/INFO] [REI]  - (-100.00) DefaultPluginImpl of DefaultPluginImpl [roughlyenoughitems]
[23:29:15] [Worker-Main-6/INFO] [REI]  - (0.00) DefaultRuntimePlugin of DefaultRuntimePlugin [roughlyenoughitems]
[23:29:15] [Worker-Main-6/INFO] [REI] OOOOOOOOOOOOOOOOOOOOOOOOOOOOOOOOOOOOOOOO
[23:29:15] [Worker-Main-6/TRACE] [REI] [REIServerPlugin START] Reloading Section: "start-reload/"
[23:29:15] [Worker-Main-6/TRACE] [REI] [REIServerPlugin START] Reloading Section: "start-reload/MenuInfoRegistryImpl/"
[23:29:15] [Worker-Main-6/TRACE] [REI] [REIServerPlugin START] Reloading Section: "start-reload/MenuInfoRegistryImpl/" done in 11.63 μs
[23:29:15] [Worker-Main-6/TRACE] [REI] [REIServerPlugin START] Reloading Section: "start-reload/SlotAccessorRegistryImpl/"
[23:29:15] [Worker-Main-6/TRACE] [REI] [REIServerPlugin START] Reloading Section: "start-reload/SlotAccessorRegistryImpl/" done in 7.895 μs
[23:29:15] [Worker-Main-6/TRACE] [REI] [REIServerPlugin START] Reloading Section: "start-reload/" done in 452.7 μs
[23:29:15] [Worker-Main-6/DEBUG] [REI] ========================================
[23:29:15] [Worker-Main-6/DEBUG] [REI] REIServerPlugin started main-reload for START.
[23:29:15] [Worker-Main-6/DEBUG] [REI] ========================================
[23:29:15] [Worker-Main-6/TRACE] [REI] [REIServerPlugin START] Reloading Section: "reloadable-plugin/MenuInfoRegistryImpl/"
[23:29:15] [Worker-Main-6/TRACE] [REI] [REIServerPlugin START] Reloading Section: "reloadable-plugin/MenuInfoRegistryImpl/DefaultPluginImpl of DefaultPluginImpl [roughlyenoughitems]/"
[23:29:15] [Worker-Main-6/TRACE] [REI] [REIServerPlugin START] Reloading Section: "reloadable-plugin/MenuInfoRegistryImpl/DefaultPluginImpl of DefaultPluginImpl [roughlyenoughitems]/" done in 12.77 μs
[23:29:15] [Worker-Main-6/TRACE] [REI] [REIServerPlugin START] Reloading Section: "reloadable-plugin/MenuInfoRegistryImpl/DefaultRuntimePlugin of DefaultRuntimePlugin [roughlyenoughitems]/"
[23:29:15] [Worker-Main-6/TRACE] [REI] [REIServerPlugin START] Reloading Section: "reloadable-plugin/MenuInfoRegistryImpl/DefaultRuntimePlugin of DefaultRuntimePlugin [roughlyenoughitems]/" done in 10.13 μs
[23:29:15] [Worker-Main-6/TRACE] [REI] [REIServerPlugin START] Reloading Section: "reloadable-plugin/MenuInfoRegistryImpl/" done in 350.7 μs
[23:29:15] [Worker-Main-6/TRACE] [REI] [REIServerPlugin START] Reloading Section: "reloadable-plugin/SlotAccessorRegistryImpl/"
[23:29:15] [Worker-Main-6/TRACE] [REI] [REIServerPlugin START] Reloading Section: "reloadable-plugin/SlotAccessorRegistryImpl/DefaultPluginImpl of DefaultPluginImpl [roughlyenoughitems]/"
[23:29:15] [Worker-Main-6/TRACE] [REI] [REIServerPlugin START] Reloading Section: "reloadable-plugin/SlotAccessorRegistryImpl/DefaultPluginImpl of DefaultPluginImpl [roughlyenoughitems]/" done in 9.607 μs
[23:29:15] [Worker-Main-6/TRACE] [REI] [REIServerPlugin START] Reloading Section: "reloadable-plugin/SlotAccessorRegistryImpl/DefaultRuntimePlugin of DefaultRuntimePlugin [roughlyenoughitems]/"
[23:29:15] [Worker-Main-6/TRACE] [REI] [REIServerPlugin START] Reloading Section: "reloadable-plugin/SlotAccessorRegistryImpl/DefaultRuntimePlugin of DefaultRuntimePlugin [roughlyenoughitems]/" done in 9.919 μs
[23:29:15] [Worker-Main-6/TRACE] [REI] [REIServerPlugin START] Reloading Section: "reloadable-plugin/SlotAccessorRegistryImpl/" done in 324.6 μs
[23:29:15] [Worker-Main-6/DEBUG] [REI] ========================================
[23:29:15] [Worker-Main-6/DEBUG] [REI] REIServerPlugin ending main-reload for START.
[23:29:15] [Worker-Main-6/DEBUG] [REI] ========================================
[23:29:15] [Worker-Main-6/TRACE] [REI] [REIServerPlugin START] Reloading Section: "end-reload/"
[23:29:15] [Worker-Main-6/TRACE] [REI] [REIServerPlugin START] Reloading Section: "end-reload/MenuInfoRegistryImpl/"
[23:29:15] [Worker-Main-6/TRACE] [REI] [REIServerPlugin START] Reloading Section: "end-reload/MenuInfoRegistryImpl/" done in 8.466 μs
[23:29:15] [Worker-Main-6/TRACE] [REI] [REIServerPlugin START] Reloading Section: "end-reload/SlotAccessorRegistryImpl/"
[23:29:15] [Worker-Main-6/TRACE] [REI] [REIServerPlugin START] Reloading Section: "end-reload/SlotAccessorRegistryImpl/" done in 7.654 μs
[23:29:15] [Worker-Main-6/TRACE] [REI] [REIServerPlugin START] Reloading Section: "end-reload/" done in 347.5 μs
[23:29:15] [Worker-Main-6/DEBUG] [REI] ========================================
[23:29:15] [Worker-Main-6/DEBUG] [REI] REIServerPlugin ended main-reload for START in 13.40 ms.
[23:29:15] [Worker-Main-6/DEBUG] [REI] ========================================
[23:29:15] [Worker-Main-6/DEBUG] [REI] ========================================
[23:29:15] [Worker-Main-6/DEBUG] [REI] REIPlugin starting post-reload for START.
[23:29:15] [Worker-Main-6/DEBUG] [REI] Reloadables (7):
[23:29:15] [Worker-Main-6/DEBUG] [REI]  - EntryTypeRegistryImpl
[23:29:15] [Worker-Main-6/DEBUG] [REI]  - EntrySettingsAdapterRegistryImpl
[23:29:15] [Worker-Main-6/DEBUG] [REI]  - RecipeManagerContextImpl
[23:29:15] [Worker-Main-6/DEBUG] [REI]  - ItemComparatorRegistryImpl
[23:29:15] [Worker-Main-6/DEBUG] [REI]  - FluidComparatorRegistryImpl
[23:29:15] [Worker-Main-6/DEBUG] [REI]  - DisplaySerializerRegistryImpl
[23:29:15] [Worker-Main-6/DEBUG] [REI]  - FluidSupportProviderImpl
[23:29:15] [Worker-Main-6/DEBUG] [REI] Plugins (2):
[23:29:15] [Worker-Main-6/DEBUG] [REI]  - (-100.00) DefaultPluginImpl of DefaultPluginImpl [roughlyenoughitems]
[23:29:15] [Worker-Main-6/DEBUG] [REI]  - (0.00) DefaultRuntimePlugin of DefaultRuntimePlugin [roughlyenoughitems]
[23:29:15] [Worker-Main-6/DEBUG] [REI] ========================================
[23:29:15] [Worker-Main-6/TRACE] [REI] [REIPlugin START] Reloading Section: "post-register/"
[23:29:15] [Worker-Main-6/TRACE] [REI] [REIPlugin START] Reloading Section: "post-register/DefaultPluginImpl of DefaultPluginImpl [roughlyenoughitems]/"
[23:29:15] [Worker-Main-6/TRACE] [REI] [REIPlugin START] Reloading Section: "post-register/DefaultPluginImpl of DefaultPluginImpl [roughlyenoughitems]/" done in 158.7 μs
[23:29:15] [Worker-Main-6/TRACE] [REI] [REIPlugin START] Reloading Section: "post-register/DefaultRuntimePlugin of DefaultRuntimePlugin [roughlyenoughitems]/"
[23:29:15] [Worker-Main-6/TRACE] [REI] [REIPlugin START] Reloading Section: "post-register/DefaultRuntimePlugin of DefaultRuntimePlugin [roughlyenoughitems]/" done in 9.228 μs
[23:29:15] [Worker-Main-6/TRACE] [REI] [REIPlugin START] Reloading Section: "post-register/" done in 753.2 μs
[23:29:15] [Worker-Main-6/TRACE] [REI] [REIPlugin START] Reloading Section: "post-stage/"
[23:29:15] [Worker-Main-6/TRACE] [REI] [REIPlugin START] Reloading Section: "post-stage/EntryTypeRegistryImpl/"
[23:29:15] [Worker-Main-6/TRACE] [REI] [REIPlugin START] Reloading Section: "post-stage/EntryTypeRegistryImpl/" done in 11.90 μs
[23:29:15] [Worker-Main-6/TRACE] [REI] [REIPlugin START] Reloading Section: "post-stage/EntrySettingsAdapterRegistryImpl/"
[23:29:15] [Worker-Main-6/TRACE] [REI] [REIPlugin START] Reloading Section: "post-stage/EntrySettingsAdapterRegistryImpl/" done in 6.613 μs
[23:29:15] [Worker-Main-6/TRACE] [REI] [REIPlugin START] Reloading Section: "post-stage/RecipeManagerContextImpl/"
[23:29:15] [Worker-Main-6/TRACE] [REI] [REIPlugin START] Reloading Section: "post-stage/RecipeManagerContextImpl/" done in 6.411 μs
[23:29:15] [Worker-Main-6/TRACE] [REI] [REIPlugin START] Reloading Section: "post-stage/ItemComparatorRegistryImpl/"
[23:29:15] [Worker-Main-6/TRACE] [REI] [REIPlugin START] Reloading Section: "post-stage/ItemComparatorRegistryImpl/" done in 6.282 μs
[23:29:15] [Worker-Main-6/TRACE] [REI] [REIPlugin START] Reloading Section: "post-stage/FluidComparatorRegistryImpl/"
[23:29:15] [Worker-Main-6/TRACE] [REI] [REIPlugin START] Reloading Section: "post-stage/FluidComparatorRegistryImpl/" done in 17.44 μs
[23:29:15] [Worker-Main-6/TRACE] [REI] [REIPlugin START] Reloading Section: "post-stage/DisplaySerializerRegistryImpl/"
[23:29:15] [Worker-Main-6/TRACE] [REI] [REIPlugin START] Reloading Section: "post-stage/DisplaySerializerRegistryImpl/" done in 8.666 μs
[23:29:15] [Worker-Main-6/TRACE] [REI] [REIPlugin START] Reloading Section: "post-stage/FluidSupportProviderImpl/"
[23:29:15] [Worker-Main-6/TRACE] [REI] [REIPlugin START] Reloading Section: "post-stage/FluidSupportProviderImpl/" done in 5.881 μs
[23:29:15] [Worker-Main-6/TRACE] [REI] [REIPlugin START] Reloading Section: "post-stage/" done in 1.267 ms
[23:29:15] [Worker-Main-6/DEBUG] [REI] ========================================
[23:29:15] [Worker-Main-6/INFO] [REI] REIPlugin finished post-reload for START in 2.368 ms, totaling 116.1 ms.
[23:29:15] [Worker-Main-6/DEBUG] [REI] ========================================
[23:29:15] [Worker-Main-6/DEBUG] [REI] ========================================
[23:29:15] [Worker-Main-6/DEBUG] [REI] REIServerPlugin starting post-reload for START.
[23:29:15] [Worker-Main-6/DEBUG] [REI] Reloadables (2):
[23:29:15] [Worker-Main-6/DEBUG] [REI]  - MenuInfoRegistryImpl
[23:29:15] [Worker-Main-6/DEBUG] [REI]  - SlotAccessorRegistryImpl
[23:29:15] [Worker-Main-6/DEBUG] [REI] Plugins (2):
[23:29:15] [Worker-Main-6/DEBUG] [REI]  - (-100.00) DefaultPluginImpl of DefaultPluginImpl [roughlyenoughitems]
[23:29:15] [Worker-Main-6/DEBUG] [REI]  - (0.00) DefaultRuntimePlugin of DefaultRuntimePlugin [roughlyenoughitems]
[23:29:15] [Worker-Main-6/DEBUG] [REI] ========================================
[23:29:15] [Worker-Main-6/TRACE] [REI] [REIServerPlugin START] Reloading Section: "post-register/"
[23:29:15] [Worker-Main-6/TRACE] [REI] [REIServerPlugin START] Reloading Section: "post-register/DefaultPluginImpl of DefaultPluginImpl [roughlyenoughitems]/"
[23:29:15] [Worker-Main-6/TRACE] [REI] [REIServerPlugin START] Reloading Section: "post-register/DefaultPluginImpl of DefaultPluginImpl [roughlyenoughitems]/" done in 10.41 μs
[23:29:15] [Worker-Main-6/TRACE] [REI] [REIServerPlugin START] Reloading Section: "post-register/DefaultRuntimePlugin of DefaultRuntimePlugin [roughlyenoughitems]/"
[23:29:15] [Worker-Main-6/TRACE] [REI] [REIServerPlugin START] Reloading Section: "post-register/DefaultRuntimePlugin of DefaultRuntimePlugin [roughlyenoughitems]/" done in 7.423 μs
[23:29:15] [Worker-Main-6/TRACE] [REI] [REIServerPlugin START] Reloading Section: "post-register/" done in 2.572 ms
[23:29:15] [Worker-Main-6/TRACE] [REI] [REIServerPlugin START] Reloading Section: "post-stage/"
[23:29:15] [Worker-Main-6/TRACE] [REI] [REIServerPlugin START] Reloading Section: "post-stage/MenuInfoRegistryImpl/"
[23:29:15] [Worker-Main-6/TRACE] [REI] [REIServerPlugin START] Reloading Section: "post-stage/MenuInfoRegistryImpl/" done in 6.412 μs
[23:29:15] [Worker-Main-6/TRACE] [REI] [REIServerPlugin START] Reloading Section: "post-stage/SlotAccessorRegistryImpl/"
[23:29:15] [Worker-Main-6/TRACE] [REI] [REIServerPlugin START] Reloading Section: "post-stage/SlotAccessorRegistryImpl/" done in 5.180 μs
[23:29:15] [Worker-Main-6/TRACE] [REI] [REIServerPlugin START] Reloading Section: "post-stage/" done in 308.5 μs
[23:29:15] [Worker-Main-6/DEBUG] [REI] ========================================
[23:29:15] [Worker-Main-6/INFO] [REI] REIServerPlugin finished post-reload for START in 3.160 ms, totaling 19.61 ms.
[23:29:15] [Worker-Main-6/DEBUG] [REI] ========================================
[23:29:15] [Worker-Main-6/DEBUG] [REI] ========================================
[23:29:15] [Worker-Main-6/DEBUG] [REI] REIPlugin starting pre-reload for END.
[23:29:15] [Worker-Main-6/DEBUG] [REI] Reloadables (7):
[23:29:15] [Worker-Main-6/DEBUG] [REI]  - EntryTypeRegistryImpl
[23:29:15] [Worker-Main-6/DEBUG] [REI]  - EntrySettingsAdapterRegistryImpl
[23:29:15] [Worker-Main-6/DEBUG] [REI]  - RecipeManagerContextImpl
[23:29:15] [Worker-Main-6/DEBUG] [REI]  - ItemComparatorRegistryImpl
[23:29:15] [Worker-Main-6/DEBUG] [REI]  - FluidComparatorRegistryImpl
[23:29:15] [Worker-Main-6/DEBUG] [REI]  - DisplaySerializerRegistryImpl
[23:29:15] [Worker-Main-6/DEBUG] [REI]  - FluidSupportProviderImpl
[23:29:15] [Worker-Main-6/DEBUG] [REI] Plugins (2):
[23:29:15] [Worker-Main-6/DEBUG] [REI]  - (-100.00) DefaultPluginImpl of DefaultPluginImpl [roughlyenoughitems]
[23:29:15] [Worker-Main-6/DEBUG] [REI]  - (0.00) DefaultRuntimePlugin of DefaultRuntimePlugin [roughlyenoughitems]
[23:29:15] [Worker-Main-6/DEBUG] [REI] ========================================
[23:29:15] [Worker-Main-6/TRACE] [REI] [REIPlugin END] Reloading Section: "pre-register/"
[23:29:15] [Worker-Main-6/TRACE] [REI] [REIPlugin END] Reloading Section: "pre-register/DefaultPluginImpl of DefaultPluginImpl [roughlyenoughitems]/"
[23:29:15] [Worker-Main-6/TRACE] [REI] [REIPlugin END] Reloading Section: "pre-register/DefaultPluginImpl of DefaultPluginImpl [roughlyenoughitems]/" done in 12.06 μs
[23:29:15] [Worker-Main-6/TRACE] [REI] [REIPlugin END] Reloading Section: "pre-register/DefaultRuntimePlugin of DefaultRuntimePlugin [roughlyenoughitems]/"
[23:29:15] [Worker-Main-6/TRACE] [REI] [REIPlugin END] Reloading Section: "pre-register/DefaultRuntimePlugin of DefaultRuntimePlugin [roughlyenoughitems]/" done in 9.067 μs
[23:29:15] [Worker-Main-6/TRACE] [REI] [REIPlugin END] Reloading Section: "pre-register/" done in 539.9 μs
[23:29:15] [Worker-Main-6/TRACE] [REI] [REIPlugin END] Reloading Section: "pre-stage/"
[23:29:15] [Worker-Main-6/TRACE] [REI] [REIPlugin END] Reloading Section: "pre-stage/EntryTypeRegistryImpl/"
[23:29:15] [Worker-Main-6/TRACE] [REI] [REIPlugin END] Reloading Section: "pre-stage/EntryTypeRegistryImpl/" done in 8.366 μs
[23:29:15] [Worker-Main-6/TRACE] [REI] [REIPlugin END] Reloading Section: "pre-stage/EntrySettingsAdapterRegistryImpl/"
[23:29:15] [Worker-Main-6/TRACE] [REI] [REIPlugin END] Reloading Section: "pre-stage/EntrySettingsAdapterRegistryImpl/" done in 6.572 μs
[23:29:15] [Worker-Main-6/TRACE] [REI] [REIPlugin END] Reloading Section: "pre-stage/RecipeManagerContextImpl/"
[23:29:15] [Worker-Main-6/TRACE] [REI] [REIPlugin END] Reloading Section: "pre-stage/RecipeManagerContextImpl/" done in 6.302 μs
[23:29:15] [Worker-Main-6/TRACE] [REI] [REIPlugin END] Reloading Section: "pre-stage/ItemComparatorRegistryImpl/"
[23:29:15] [Worker-Main-6/TRACE] [REI] [REIPlugin END] Reloading Section: "pre-stage/ItemComparatorRegistryImpl/" done in 6.823 μs
[23:29:15] [Worker-Main-6/TRACE] [REI] [REIPlugin END] Reloading Section: "pre-stage/FluidComparatorRegistryImpl/"
[23:29:15] [Worker-Main-6/TRACE] [REI] [REIPlugin END] Reloading Section: "pre-stage/FluidComparatorRegistryImpl/" done in 6.332 μs
[23:29:15] [Worker-Main-6/TRACE] [REI] [REIPlugin END] Reloading Section: "pre-stage/DisplaySerializerRegistryImpl/"
[23:29:15] [Worker-Main-6/TRACE] [REI] [REIPlugin END] Reloading Section: "pre-stage/DisplaySerializerRegistryImpl/" done in 6.882 μs
[23:29:15] [Worker-Main-6/TRACE] [REI] [REIPlugin END] Reloading Section: "pre-stage/FluidSupportProviderImpl/"
[23:29:15] [Worker-Main-6/TRACE] [REI] [REIPlugin END] Reloading Section: "pre-stage/FluidSupportProviderImpl/" done in 6.743 μs
[23:29:15] [Worker-Main-6/TRACE] [REI] [REIPlugin END] Reloading Section: "pre-stage/" done in 1.153 ms
[23:29:15] [Worker-Main-6/DEBUG] [REI] ========================================
[23:29:15] [Worker-Main-6/DEBUG] [REI] REIPlugin finished pre-reload for END in 5.674 ms.
[23:29:15] [Worker-Main-6/DEBUG] [REI] ========================================
[23:29:15] [Worker-Main-6/DEBUG] [REI] ========================================
[23:29:15] [Worker-Main-6/DEBUG] [REI] REIServerPlugin starting pre-reload for END.
[23:29:15] [Worker-Main-6/DEBUG] [REI] Reloadables (2):
[23:29:15] [Worker-Main-6/DEBUG] [REI]  - MenuInfoRegistryImpl
[23:29:15] [Worker-Main-6/DEBUG] [REI]  - SlotAccessorRegistryImpl
[23:29:15] [Worker-Main-6/DEBUG] [REI] Plugins (2):
[23:29:15] [Worker-Main-6/DEBUG] [REI]  - (-100.00) DefaultPluginImpl of DefaultPluginImpl [roughlyenoughitems]
[23:29:15] [Worker-Main-6/DEBUG] [REI]  - (0.00) DefaultRuntimePlugin of DefaultRuntimePlugin [roughlyenoughitems]
[23:29:15] [Worker-Main-6/DEBUG] [REI] ========================================
[23:29:15] [Worker-Main-6/TRACE] [REI] [REIServerPlugin END] Reloading Section: "pre-register/"
[23:29:15] [Worker-Main-6/TRACE] [REI] [REIServerPlugin END] Reloading Section: "pre-register/DefaultPluginImpl of DefaultPluginImpl [roughlyenoughitems]/"
[23:29:15] [Worker-Main-6/TRACE] [REI] [REIServerPlugin END] Reloading Section: "pre-register/DefaultPluginImpl of DefaultPluginImpl [roughlyenoughitems]/" done in 8.105 μs
[23:29:15] [Worker-Main-6/TRACE] [REI] [REIServerPlugin END] Reloading Section: "pre-register/DefaultRuntimePlugin of DefaultRuntimePlugin [roughlyenoughitems]/"
[23:29:15] [Worker-Main-6/TRACE] [REI] [REIServerPlugin END] Reloading Section: "pre-register/DefaultRuntimePlugin of DefaultRuntimePlugin [roughlyenoughitems]/" done in 7.334 μs
[23:29:15] [Worker-Main-6/TRACE] [REI] [REIServerPlugin END] Reloading Section: "pre-register/" done in 350.7 μs
[23:29:15] [Worker-Main-6/TRACE] [REI] [REIServerPlugin END] Reloading Section: "pre-stage/"
[23:29:15] [Worker-Main-6/TRACE] [REI] [REIServerPlugin END] Reloading Section: "pre-stage/MenuInfoRegistryImpl/"
[23:29:15] [Worker-Main-6/TRACE] [REI] [REIServerPlugin END] Reloading Section: "pre-stage/MenuInfoRegistryImpl/" done in 7.193 μs
[23:29:15] [Worker-Main-6/TRACE] [REI] [REIServerPlugin END] Reloading Section: "pre-stage/SlotAccessorRegistryImpl/"
[23:29:15] [Worker-Main-6/TRACE] [REI] [REIServerPlugin END] Reloading Section: "pre-stage/SlotAccessorRegistryImpl/" done in 6.592 μs
[23:29:15] [Worker-Main-6/TRACE] [REI] [REIServerPlugin END] Reloading Section: "pre-stage/" done in 334.5 μs
[23:29:15] [Worker-Main-6/DEBUG] [REI] ========================================
[23:29:15] [Worker-Main-6/DEBUG] [REI] REIServerPlugin finished pre-reload for END in 928.2 μs.
[23:29:15] [Worker-Main-6/DEBUG] [REI] ========================================
[23:29:15] [Worker-Main-6/INFO] [REI] ****************************************
[23:29:15] [Worker-Main-6/INFO] [REI] REIPlugin starting main-reload for END.
[23:29:15] [Worker-Main-6/DEBUG] [REI] Reloadables (7):
[23:29:15] [Worker-Main-6/DEBUG] [REI]  - EntryTypeRegistryImpl
[23:29:15] [Worker-Main-6/DEBUG] [REI]  - EntrySettingsAdapterRegistryImpl
[23:29:15] [Worker-Main-6/DEBUG] [REI]  - RecipeManagerContextImpl
[23:29:15] [Worker-Main-6/DEBUG] [REI]  - ItemComparatorRegistryImpl
[23:29:15] [Worker-Main-6/DEBUG] [REI]  - FluidComparatorRegistryImpl
[23:29:15] [Worker-Main-6/DEBUG] [REI]  - DisplaySerializerRegistryImpl
[23:29:15] [Worker-Main-6/DEBUG] [REI]  - FluidSupportProviderImpl
[23:29:15] [Worker-Main-6/INFO] [REI] Plugins (2):
[23:29:15] [Worker-Main-6/INFO] [REI]  - (-100.00) DefaultPluginImpl of DefaultPluginImpl [roughlyenoughitems]
[23:29:15] [Worker-Main-6/INFO] [REI]  - (0.00) DefaultRuntimePlugin of DefaultRuntimePlugin [roughlyenoughitems]
[23:29:15] [Worker-Main-6/INFO] [REI] ****************************************
[23:29:15] [Worker-Main-6/TRACE] [REI] [REIPlugin END] Reloading Section: "start-reload/"
[23:29:15] [Worker-Main-6/TRACE] [REI] [REIPlugin END] Reloading Section: "start-reload/EntryTypeRegistryImpl/"
[23:29:15] [Worker-Main-6/TRACE] [REI] [REIPlugin END] Reloading Section: "start-reload/EntryTypeRegistryImpl/" done in 8.055 μs
[23:29:15] [Worker-Main-6/TRACE] [REI] [REIPlugin END] Reloading Section: "start-reload/EntrySettingsAdapterRegistryImpl/"
[23:29:15] [Worker-Main-6/TRACE] [REI] [REIPlugin END] Reloading Section: "start-reload/EntrySettingsAdapterRegistryImpl/" done in 18.42 μs
[23:29:15] [Worker-Main-6/TRACE] [REI] [REIPlugin END] Reloading Section: "start-reload/RecipeManagerContextImpl/"
[23:29:15] [Worker-Main-6/TRACE] [REI] [REIPlugin END] Reloading Section: "start-reload/RecipeManagerContextImpl/" done in 8.196 μs
[23:29:15] [Worker-Main-6/TRACE] [REI] [REIPlugin END] Reloading Section: "start-reload/ItemComparatorRegistryImpl/"
[23:29:15] [Worker-Main-6/TRACE] [REI] [REIPlugin END] Reloading Section: "start-reload/ItemComparatorRegistryImpl/" done in 7.584 μs
[23:29:15] [Worker-Main-6/TRACE] [REI] [REIPlugin END] Reloading Section: "start-reload/FluidComparatorRegistryImpl/"
[23:29:15] [Worker-Main-6/TRACE] [REI] [REIPlugin END] Reloading Section: "start-reload/FluidComparatorRegistryImpl/" done in 6.132 μs
[23:29:15] [Worker-Main-6/TRACE] [REI] [REIPlugin END] Reloading Section: "start-reload/DisplaySerializerRegistryImpl/"
[23:29:15] [Worker-Main-6/TRACE] [REI] [REIPlugin END] Reloading Section: "start-reload/DisplaySerializerRegistryImpl/" done in 16.13 μs
[23:29:15] [Worker-Main-6/TRACE] [REI] [REIPlugin END] Reloading Section: "start-reload/FluidSupportProviderImpl/"
[23:29:15] [Worker-Main-6/TRACE] [REI] [REIPlugin END] Reloading Section: "start-reload/FluidSupportProviderImpl/" done in 6.673 μs
[23:29:15] [Worker-Main-6/TRACE] [REI] [REIPlugin END] Reloading Section: "start-reload/" done in 9.348 ms
[23:29:15] [Worker-Main-6/DEBUG] [REI] ========================================
[23:29:15] [Worker-Main-6/DEBUG] [REI] REIPlugin started main-reload for END.
[23:29:15] [Worker-Main-6/DEBUG] [REI] ========================================
[23:29:15] [Worker-Main-6/TRACE] [REI] [REIPlugin END] Reloading Section: "reloadable-plugin/EntryTypeRegistryImpl/"
[23:29:15] [Worker-Main-6/TRACE] [REI] [REIPlugin END] Reloading Section: "reloadable-plugin/EntryTypeRegistryImpl/DefaultPluginImpl of DefaultPluginImpl [roughlyenoughitems]/"
[23:29:15] [Worker-Main-6/TRACE] [REI] [REIPlugin END] Reloading Section: "reloadable-plugin/EntryTypeRegistryImpl/DefaultPluginImpl of DefaultPluginImpl [roughlyenoughitems]/" done in 15.38 μs
[23:29:15] [Worker-Main-6/TRACE] [REI] [REIPlugin END] Reloading Section: "reloadable-plugin/EntryTypeRegistryImpl/DefaultRuntimePlugin of DefaultRuntimePlugin [roughlyenoughitems]/"
[23:29:15] [Worker-Main-6/TRACE] [REI] [REIPlugin END] Reloading Section: "reloadable-plugin/EntryTypeRegistryImpl/DefaultRuntimePlugin of DefaultRuntimePlugin [roughlyenoughitems]/" done in 15.44 μs
[23:29:15] [Worker-Main-6/TRACE] [REI] [REIPlugin END] Reloading Section: "reloadable-plugin/EntryTypeRegistryImpl/" done in 463.5 μs
[23:29:15] [Worker-Main-6/TRACE] [REI] [REIPlugin END] Reloading Section: "reloadable-plugin/EntrySettingsAdapterRegistryImpl/"
[23:29:15] [Worker-Main-6/TRACE] [REI] [REIPlugin END] Reloading Section: "reloadable-plugin/EntrySettingsAdapterRegistryImpl/DefaultPluginImpl of DefaultPluginImpl [roughlyenoughitems]/"
[23:29:15] [Worker-Main-6/TRACE] [REI] [REIPlugin END] Reloading Section: "reloadable-plugin/EntrySettingsAdapterRegistryImpl/DefaultPluginImpl of DefaultPluginImpl [roughlyenoughitems]/" done in 20.58 μs
[23:29:15] [Worker-Main-6/TRACE] [REI] [REIPlugin END] Reloading Section: "reloadable-plugin/EntrySettingsAdapterRegistryImpl/DefaultRuntimePlugin of DefaultRuntimePlugin [roughlyenoughitems]/"
[23:29:15] [Worker-Main-6/TRACE] [REI] [REIPlugin END] Reloading Section: "reloadable-plugin/EntrySettingsAdapterRegistryImpl/DefaultRuntimePlugin of DefaultRuntimePlugin [roughlyenoughitems]/" done in 14.20 μs
[23:29:15] [Worker-Main-6/TRACE] [REI] [REIPlugin END] Reloading Section: "reloadable-plugin/EntrySettingsAdapterRegistryImpl/" done in 448.3 μs
[23:29:15] [Worker-Main-6/TRACE] [REI] [REIPlugin END] Reloading Section: "reloadable-plugin/RecipeManagerContextImpl/"
[23:29:15] [Worker-Main-6/TRACE] [REI] [REIPlugin END] Reloading Section: "reloadable-plugin/RecipeManagerContextImpl/DefaultPluginImpl of DefaultPluginImpl [roughlyenoughitems]/"
[23:29:15] [Worker-Main-6/TRACE] [REI] [REIPlugin END] Reloading Section: "reloadable-plugin/RecipeManagerContextImpl/DefaultPluginImpl of DefaultPluginImpl [roughlyenoughitems]/" done in 12.63 μs
[23:29:15] [Worker-Main-6/TRACE] [REI] [REIPlugin END] Reloading Section: "reloadable-plugin/RecipeManagerContextImpl/DefaultRuntimePlugin of DefaultRuntimePlugin [roughlyenoughitems]/"
[23:29:15] [Worker-Main-6/TRACE] [REI] [REIPlugin END] Reloading Section: "reloadable-plugin/RecipeManagerContextImpl/DefaultRuntimePlugin of DefaultRuntimePlugin [roughlyenoughitems]/" done in 10.86 μs
[23:29:15] [Worker-Main-6/TRACE] [REI] [REIPlugin END] Reloading Section: "reloadable-plugin/RecipeManagerContextImpl/" done in 321.6 μs
[23:29:15] [Worker-Main-6/TRACE] [REI] [REIPlugin END] Reloading Section: "reloadable-plugin/ItemComparatorRegistryImpl/"
[23:29:15] [Worker-Main-6/TRACE] [REI] [REIPlugin END] Reloading Section: "reloadable-plugin/ItemComparatorRegistryImpl/DefaultPluginImpl of DefaultPluginImpl [roughlyenoughitems]/"
[23:29:15] [Worker-Main-6/TRACE] [REI] [REIPlugin END] Reloading Section: "reloadable-plugin/ItemComparatorRegistryImpl/DefaultPluginImpl of DefaultPluginImpl [roughlyenoughitems]/" done in 10.90 μs
[23:29:15] [Worker-Main-6/TRACE] [REI] [REIPlugin END] Reloading Section: "reloadable-plugin/ItemComparatorRegistryImpl/DefaultRuntimePlugin of DefaultRuntimePlugin [roughlyenoughitems]/"
[23:29:15] [Worker-Main-6/TRACE] [REI] [REIPlugin END] Reloading Section: "reloadable-plugin/ItemComparatorRegistryImpl/DefaultRuntimePlugin of DefaultRuntimePlugin [roughlyenoughitems]/" done in 9.277 μs
[23:29:15] [Worker-Main-6/TRACE] [REI] [REIPlugin END] Reloading Section: "reloadable-plugin/ItemComparatorRegistryImpl/" done in 386.5 μs
[23:29:15] [Worker-Main-6/TRACE] [REI] [REIPlugin END] Reloading Section: "reloadable-plugin/FluidComparatorRegistryImpl/"
[23:29:15] [Worker-Main-6/TRACE] [REI] [REIPlugin END] Reloading Section: "reloadable-plugin/FluidComparatorRegistryImpl/DefaultPluginImpl of DefaultPluginImpl [roughlyenoughitems]/"
[23:29:15] [Worker-Main-6/TRACE] [REI] [REIPlugin END] Reloading Section: "reloadable-plugin/FluidComparatorRegistryImpl/DefaultPluginImpl of DefaultPluginImpl [roughlyenoughitems]/" done in 11.03 μs
[23:29:15] [Worker-Main-6/TRACE] [REI] [REIPlugin END] Reloading Section: "reloadable-plugin/FluidComparatorRegistryImpl/DefaultRuntimePlugin of DefaultRuntimePlugin [roughlyenoughitems]/"
[23:29:15] [Worker-Main-6/TRACE] [REI] [REIPlugin END] Reloading Section: "reloadable-plugin/FluidComparatorRegistryImpl/DefaultRuntimePlugin of DefaultRuntimePlugin [roughlyenoughitems]/" done in 9.568 μs
[23:29:15] [Worker-Main-6/TRACE] [REI] [REIPlugin END] Reloading Section: "reloadable-plugin/FluidComparatorRegistryImpl/" done in 330.0 μs
[23:29:15] [Worker-Main-6/TRACE] [REI] [REIPlugin END] Reloading Section: "reloadable-plugin/DisplaySerializerRegistryImpl/"
[23:29:15] [Worker-Main-6/TRACE] [REI] [REIPlugin END] Reloading Section: "reloadable-plugin/DisplaySerializerRegistryImpl/DefaultPluginImpl of DefaultPluginImpl [roughlyenoughitems]/"
[23:29:15] [Worker-Main-6/TRACE] [REI] [REIPlugin END] Reloading Section: "reloadable-plugin/DisplaySerializerRegistryImpl/DefaultPluginImpl of DefaultPluginImpl [roughlyenoughitems]/" done in 36.85 ms
[23:29:15] [Worker-Main-6/TRACE] [REI] [REIPlugin END] Reloading Section: "reloadable-plugin/DisplaySerializerRegistryImpl/DefaultRuntimePlugin of DefaultRuntimePlugin [roughlyenoughitems]/"
[23:29:15] [Worker-Main-6/TRACE] [REI] [REIPlugin END] Reloading Section: "reloadable-plugin/DisplaySerializerRegistryImpl/DefaultRuntimePlugin of DefaultRuntimePlugin [roughlyenoughitems]/" done in 25.61 μs
[23:29:15] [Worker-Main-6/TRACE] [REI] [REIPlugin END] Reloading Section: "reloadable-plugin/DisplaySerializerRegistryImpl/" done in 37.54 ms
[23:29:15] [Worker-Main-6/TRACE] [REI] [REIPlugin END] Reloading Section: "reloadable-plugin/FluidSupportProviderImpl/"
[23:29:15] [Worker-Main-6/TRACE] [REI] [REIPlugin END] Reloading Section: "reloadable-plugin/FluidSupportProviderImpl/DefaultPluginImpl of DefaultPluginImpl [roughlyenoughitems]/"
[23:29:15] [Worker-Main-6/TRACE] [REI] [REIPlugin END] Reloading Section: "reloadable-plugin/FluidSupportProviderImpl/DefaultPluginImpl of DefaultPluginImpl [roughlyenoughitems]/" done in 10.86 μs
[23:29:15] [Worker-Main-6/TRACE] [REI] [REIPlugin END] Reloading Section: "reloadable-plugin/FluidSupportProviderImpl/DefaultRuntimePlugin of DefaultRuntimePlugin [roughlyenoughitems]/"
[23:29:15] [Worker-Main-6/TRACE] [REI] [REIPlugin END] Reloading Section: "reloadable-plugin/FluidSupportProviderImpl/DefaultRuntimePlugin of DefaultRuntimePlugin [roughlyenoughitems]/" done in 11.35 μs
[23:29:15] [Worker-Main-6/TRACE] [REI] [REIPlugin END] Reloading Section: "reloadable-plugin/FluidSupportProviderImpl/" done in 1.233 ms
[23:29:15] [Worker-Main-6/DEBUG] [REI] ========================================
[23:29:15] [Worker-Main-6/DEBUG] [REI] REIPlugin ending main-reload for END.
[23:29:15] [Worker-Main-6/DEBUG] [REI] ========================================
[23:29:15] [Worker-Main-6/TRACE] [REI] [REIPlugin END] Reloading Section: "end-reload/"
[23:29:15] [Worker-Main-6/TRACE] [REI] [REIPlugin END] Reloading Section: "end-reload/EntryTypeRegistryImpl/"
[23:29:15] [Worker-Main-6/TRACE] [REI] [REIPlugin END] Reloading Section: "end-reload/EntryTypeRegistryImpl/" done in 7.063 μs
[23:29:15] [Worker-Main-6/TRACE] [REI] [REIPlugin END] Reloading Section: "end-reload/EntrySettingsAdapterRegistryImpl/"
[23:29:15] [Worker-Main-6/TRACE] [REI] [REIPlugin END] Reloading Section: "end-reload/EntrySettingsAdapterRegistryImpl/" done in 6.002 μs
[23:29:15] [Worker-Main-6/TRACE] [REI] [REIPlugin END] Reloading Section: "end-reload/RecipeManagerContextImpl/"
[23:29:15] [Worker-Main-6/TRACE] [REI] [REIPlugin END] Reloading Section: "end-reload/RecipeManagerContextImpl/" done in 5.691 μs
[23:29:15] [Worker-Main-6/TRACE] [REI] [REIPlugin END] Reloading Section: "end-reload/ItemComparatorRegistryImpl/"
[23:29:15] [Worker-Main-6/TRACE] [REI] [REIPlugin END] Reloading Section: "end-reload/ItemComparatorRegistryImpl/" done in 5.981 μs
[23:29:15] [Worker-Main-6/TRACE] [REI] [REIPlugin END] Reloading Section: "end-reload/FluidComparatorRegistryImpl/"
[23:29:15] [Worker-Main-6/TRACE] [REI] [REIPlugin END] Reloading Section: "end-reload/FluidComparatorRegistryImpl/" done in 5.731 μs
[23:29:15] [Worker-Main-6/TRACE] [REI] [REIPlugin END] Reloading Section: "end-reload/DisplaySerializerRegistryImpl/"
[23:29:15] [Worker-Main-6/TRACE] [REI] [REIPlugin END] Reloading Section: "end-reload/DisplaySerializerRegistryImpl/" done in 5.571 μs
[23:29:15] [Worker-Main-6/TRACE] [REI] [REIPlugin END] Reloading Section: "end-reload/FluidSupportProviderImpl/"
[23:29:15] [Worker-Main-6/TRACE] [REI] [REIPlugin END] Reloading Section: "end-reload/FluidSupportProviderImpl/" done in 6.792 μs
[23:29:15] [Worker-Main-6/TRACE] [REI] [REIPlugin END] Reloading Section: "end-reload/" done in 1.033 ms
[23:29:15] [Worker-Main-6/DEBUG] [REI] ========================================
[23:29:15] [Worker-Main-6/DEBUG] [REI] REIPlugin ended main-reload for END in 57.21 ms.
[23:29:15] [Worker-Main-6/DEBUG] [REI] ========================================
[23:29:15] [Worker-Main-6/INFO] [REI] ****************************************
[23:29:15] [Worker-Main-6/INFO] [REI] REIServerPlugin starting main-reload for END.
[23:29:15] [Worker-Main-6/DEBUG] [REI] Reloadables (2):
[23:29:15] [Worker-Main-6/DEBUG] [REI]  - MenuInfoRegistryImpl
[23:29:15] [Worker-Main-6/DEBUG] [REI]  - SlotAccessorRegistryImpl
[23:29:15] [Worker-Main-6/INFO] [REI] Plugins (2):
[23:29:15] [Worker-Main-6/INFO] [REI]  - (-100.00) DefaultPluginImpl of DefaultPluginImpl [roughlyenoughitems]
[23:29:15] [Worker-Main-6/INFO] [REI]  - (0.00) DefaultRuntimePlugin of DefaultRuntimePlugin [roughlyenoughitems]
[23:29:15] [Worker-Main-6/INFO] [REI] ****************************************
[23:29:15] [Worker-Main-6/TRACE] [REI] [REIServerPlugin END] Reloading Section: "start-reload/"
[23:29:15] [Worker-Main-6/TRACE] [REI] [REIServerPlugin END] Reloading Section: "start-reload/MenuInfoRegistryImpl/"
[23:29:15] [Worker-Main-6/TRACE] [REI] [REIServerPlugin END] Reloading Section: "start-reload/MenuInfoRegistryImpl/" done in 38.48 μs
[23:29:15] [Worker-Main-6/TRACE] [REI] [REIServerPlugin END] Reloading Section: "start-reload/SlotAccessorRegistryImpl/"
[23:29:15] [Worker-Main-6/TRACE] [REI] [REIServerPlugin END] Reloading Section: "start-reload/SlotAccessorRegistryImpl/" done in 14.08 μs
[23:29:15] [Worker-Main-6/TRACE] [REI] [REIServerPlugin END] Reloading Section: "start-reload/" done in 422.5 μs
[23:29:15] [Worker-Main-6/DEBUG] [REI] ========================================
[23:29:15] [Worker-Main-6/DEBUG] [REI] REIServerPlugin started main-reload for END.
[23:29:15] [Worker-Main-6/DEBUG] [REI] ========================================
[23:29:15] [Worker-Main-6/TRACE] [REI] [REIServerPlugin END] Reloading Section: "reloadable-plugin/MenuInfoRegistryImpl/"
[23:29:15] [Worker-Main-6/TRACE] [REI] [REIServerPlugin END] Reloading Section: "reloadable-plugin/MenuInfoRegistryImpl/DefaultPluginImpl of DefaultPluginImpl [roughlyenoughitems]/"
[23:29:15] [Worker-Main-6/TRACE] [REI] [REIServerPlugin END] Reloading Section: "reloadable-plugin/MenuInfoRegistryImpl/DefaultPluginImpl of DefaultPluginImpl [roughlyenoughitems]/" done in 23.22 μs
[23:29:15] [Worker-Main-6/TRACE] [REI] [REIServerPlugin END] Reloading Section: "reloadable-plugin/MenuInfoRegistryImpl/DefaultRuntimePlugin of DefaultRuntimePlugin [roughlyenoughitems]/"
[23:29:15] [Worker-Main-6/TRACE] [REI] [REIServerPlugin END] Reloading Section: "reloadable-plugin/MenuInfoRegistryImpl/DefaultRuntimePlugin of DefaultRuntimePlugin [roughlyenoughitems]/" done in 10.38 μs
[23:29:15] [Worker-Main-6/TRACE] [REI] [REIServerPlugin END] Reloading Section: "reloadable-plugin/MenuInfoRegistryImpl/" done in 390.5 μs
[23:29:15] [Worker-Main-6/TRACE] [REI] [REIServerPlugin END] Reloading Section: "reloadable-plugin/SlotAccessorRegistryImpl/"
[23:29:15] [Worker-Main-6/TRACE] [REI] [REIServerPlugin END] Reloading Section: "reloadable-plugin/SlotAccessorRegistryImpl/DefaultPluginImpl of DefaultPluginImpl [roughlyenoughitems]/"
[23:29:15] [Worker-Main-6/TRACE] [REI] [REIServerPlugin END] Reloading Section: "reloadable-plugin/SlotAccessorRegistryImpl/DefaultPluginImpl of DefaultPluginImpl [roughlyenoughitems]/" done in 20.47 μs
[23:29:15] [Worker-Main-6/TRACE] [REI] [REIServerPlugin END] Reloading Section: "reloadable-plugin/SlotAccessorRegistryImpl/DefaultRuntimePlugin of DefaultRuntimePlugin [roughlyenoughitems]/"
[23:29:15] [Worker-Main-6/DEBUG] [REI] Added slot accessor serializer: me.shedaniel.rei.plugin.common.runtime.DefaultRuntimePlugin$1@4ff7f1d7 [roughlyenoughitems:vanilla]
[23:29:15] [Worker-Main-6/DEBUG] [REI] Added slot accessor serializer: me.shedaniel.rei.plugin.common.runtime.DefaultRuntimePlugin$2@1655e96a [roughlyenoughitems:player]
[23:29:15] [Worker-Main-6/TRACE] [REI] [REIServerPlugin END] Reloading Section: "reloadable-plugin/SlotAccessorRegistryImpl/DefaultRuntimePlugin of DefaultRuntimePlugin [roughlyenoughitems]/" done in 4.331 ms
[23:29:15] [Worker-Main-6/TRACE] [REI] [REIServerPlugin END] Reloading Section: "reloadable-plugin/SlotAccessorRegistryImpl/" done in 4.840 ms
[23:29:15] [Worker-Main-6/DEBUG] [REI] ========================================
[23:29:15] [Worker-Main-6/DEBUG] [REI] REIServerPlugin ending main-reload for END.
[23:29:15] [Worker-Main-6/DEBUG] [REI] ========================================
[23:29:15] [Worker-Main-6/TRACE] [REI] [REIServerPlugin END] Reloading Section: "end-reload/"
[23:29:15] [Worker-Main-6/TRACE] [REI] [REIServerPlugin END] Reloading Section: "end-reload/MenuInfoRegistryImpl/"
[23:29:15] [Worker-Main-6/DEBUG] [REI] Registered 0 menu infos
[23:29:15] [Worker-Main-6/TRACE] [REI] [REIServerPlugin END] Reloading Section: "end-reload/MenuInfoRegistryImpl/" done in 140.7 μs
[23:29:15] [Worker-Main-6/TRACE] [REI] [REIServerPlugin END] Reloading Section: "end-reload/SlotAccessorRegistryImpl/"
[23:29:15] [Worker-Main-6/DEBUG] [REI] Registered 2 slot accessor serializers
[23:29:15] [Worker-Main-6/TRACE] [REI] [REIServerPlugin END] Reloading Section: "end-reload/SlotAccessorRegistryImpl/" done in 137.6 μs
[23:29:15] [Worker-Main-6/TRACE] [REI] [REIServerPlugin END] Reloading Section: "end-reload/" done in 641.1 μs
[23:29:15] [Worker-Main-6/DEBUG] [REI] ========================================
[23:29:15] [Worker-Main-6/DEBUG] [REI] REIServerPlugin ended main-reload for END in 9.285 ms.
[23:29:15] [Worker-Main-6/DEBUG] [REI] ========================================
[23:29:15] [Worker-Main-6/DEBUG] [REI] ========================================
[23:29:15] [Worker-Main-6/DEBUG] [REI] REIPlugin starting post-reload for END.
[23:29:15] [Worker-Main-6/DEBUG] [REI] Reloadables (7):
[23:29:15] [Worker-Main-6/DEBUG] [REI]  - EntryTypeRegistryImpl
[23:29:15] [Worker-Main-6/DEBUG] [REI]  - EntrySettingsAdapterRegistryImpl
[23:29:15] [Worker-Main-6/DEBUG] [REI]  - RecipeManagerContextImpl
[23:29:15] [Worker-Main-6/DEBUG] [REI]  - ItemComparatorRegistryImpl
[23:29:15] [Worker-Main-6/DEBUG] [REI]  - FluidComparatorRegistryImpl
[23:29:15] [Worker-Main-6/DEBUG] [REI]  - DisplaySerializerRegistryImpl
[23:29:15] [Worker-Main-6/DEBUG] [REI]  - FluidSupportProviderImpl
[23:29:15] [Worker-Main-6/DEBUG] [REI] Plugins (2):
[23:29:15] [Worker-Main-6/DEBUG] [REI]  - (-100.00) DefaultPluginImpl of DefaultPluginImpl [roughlyenoughitems]
[23:29:15] [Worker-Main-6/DEBUG] [REI]  - (0.00) DefaultRuntimePlugin of DefaultRuntimePlugin [roughlyenoughitems]
[23:29:15] [Worker-Main-6/DEBUG] [REI] ========================================
[23:29:15] [Worker-Main-6/TRACE] [REI] [REIPlugin END] Reloading Section: "post-register/"
[23:29:15] [Worker-Main-6/TRACE] [REI] [REIPlugin END] Reloading Section: "post-register/DefaultPluginImpl of DefaultPluginImpl [roughlyenoughitems]/"
[23:29:15] [Worker-Main-6/TRACE] [REI] [REIPlugin END] Reloading Section: "post-register/DefaultPluginImpl of DefaultPluginImpl [roughlyenoughitems]/" done in 12.48 μs
[23:29:15] [Worker-Main-6/TRACE] [REI] [REIPlugin END] Reloading Section: "post-register/DefaultRuntimePlugin of DefaultRuntimePlugin [roughlyenoughitems]/"
[23:29:15] [Worker-Main-6/TRACE] [REI] [REIPlugin END] Reloading Section: "post-register/DefaultRuntimePlugin of DefaultRuntimePlugin [roughlyenoughitems]/" done in 7.704 μs
[23:29:15] [Worker-Main-6/TRACE] [REI] [REIPlugin END] Reloading Section: "post-register/" done in 294.7 μs
[23:29:15] [Worker-Main-6/TRACE] [REI] [REIPlugin END] Reloading Section: "post-stage/"
[23:29:15] [Worker-Main-6/TRACE] [REI] [REIPlugin END] Reloading Section: "post-stage/EntryTypeRegistryImpl/"
[23:29:15] [Worker-Main-6/TRACE] [REI] [REIPlugin END] Reloading Section: "post-stage/EntryTypeRegistryImpl/" done in 19.87 μs
[23:29:15] [Worker-Main-6/TRACE] [REI] [REIPlugin END] Reloading Section: "post-stage/EntrySettingsAdapterRegistryImpl/"
[23:29:15] [Worker-Main-6/TRACE] [REI] [REIPlugin END] Reloading Section: "post-stage/EntrySettingsAdapterRegistryImpl/" done in 6.171 μs
[23:29:15] [Worker-Main-6/TRACE] [REI] [REIPlugin END] Reloading Section: "post-stage/RecipeManagerContextImpl/"
[23:29:15] [Worker-Main-6/TRACE] [REI] [REIPlugin END] Reloading Section: "post-stage/RecipeManagerContextImpl/" done in 6.041 μs
[23:29:15] [Worker-Main-6/TRACE] [REI] [REIPlugin END] Reloading Section: "post-stage/ItemComparatorRegistryImpl/"
[23:29:15] [Worker-Main-6/TRACE] [REI] [REIPlugin END] Reloading Section: "post-stage/ItemComparatorRegistryImpl/" done in 5.720 μs
[23:29:15] [Worker-Main-6/TRACE] [REI] [REIPlugin END] Reloading Section: "post-stage/FluidComparatorRegistryImpl/"
[23:29:15] [Worker-Main-6/TRACE] [REI] [REIPlugin END] Reloading Section: "post-stage/FluidComparatorRegistryImpl/" done in 6.362 μs
[23:29:15] [Worker-Main-6/TRACE] [REI] [REIPlugin END] Reloading Section: "post-stage/DisplaySerializerRegistryImpl/"
[23:29:15] [Worker-Main-6/TRACE] [REI] [REIPlugin END] Reloading Section: "post-stage/DisplaySerializerRegistryImpl/" done in 6.863 μs
[23:29:15] [Worker-Main-6/TRACE] [REI] [REIPlugin END] Reloading Section: "post-stage/FluidSupportProviderImpl/"
[23:29:15] [Worker-Main-6/TRACE] [REI] [REIPlugin END] Reloading Section: "post-stage/FluidSupportProviderImpl/" done in 6.011 μs
[23:29:15] [Worker-Main-6/TRACE] [REI] [REIPlugin END] Reloading Section: "post-stage/" done in 1.051 ms
[23:29:15] [Worker-Main-6/DEBUG] [REI] ========================================
[23:29:15] [Worker-Main-6/INFO] [REI] REIPlugin finished post-reload for END in 1.561 ms, totaling 64.37 ms.
[23:29:15] [Worker-Main-6/DEBUG] [REI] ========================================
[23:29:15] [Worker-Main-6/DEBUG] [REI] ========================================
[23:29:15] [Worker-Main-6/DEBUG] [REI] REIServerPlugin starting post-reload for END.
[23:29:15] [Worker-Main-6/DEBUG] [REI] Reloadables (2):
[23:29:15] [Worker-Main-6/DEBUG] [REI]  - MenuInfoRegistryImpl
[23:29:15] [Worker-Main-6/DEBUG] [REI]  - SlotAccessorRegistryImpl
[23:29:15] [Worker-Main-6/DEBUG] [REI] Plugins (2):
[23:29:15] [Worker-Main-6/DEBUG] [REI]  - (-100.00) DefaultPluginImpl of DefaultPluginImpl [roughlyenoughitems]
[23:29:15] [Worker-Main-6/DEBUG] [REI]  - (0.00) DefaultRuntimePlugin of DefaultRuntimePlugin [roughlyenoughitems]
[23:29:15] [Worker-Main-6/DEBUG] [REI] ========================================
[23:29:15] [Worker-Main-6/TRACE] [REI] [REIServerPlugin END] Reloading Section: "post-register/"
[23:29:15] [Worker-Main-6/TRACE] [REI] [REIServerPlugin END] Reloading Section: "post-register/DefaultPluginImpl of DefaultPluginImpl [roughlyenoughitems]/"
[23:29:15] [Worker-Main-6/TRACE] [REI] [REIServerPlugin END] Reloading Section: "post-register/DefaultPluginImpl of DefaultPluginImpl [roughlyenoughitems]/" done in 19.42 μs
[23:29:15] [Worker-Main-6/TRACE] [REI] [REIServerPlugin END] Reloading Section: "post-register/DefaultRuntimePlugin of DefaultRuntimePlugin [roughlyenoughitems]/"
[23:29:15] [Worker-Main-6/TRACE] [REI] [REIServerPlugin END] Reloading Section: "post-register/DefaultRuntimePlugin of DefaultRuntimePlugin [roughlyenoughitems]/" done in 7.494 μs
[23:29:15] [Worker-Main-6/TRACE] [REI] [REIServerPlugin END] Reloading Section: "post-register/" done in 331.2 μs
[23:29:15] [Worker-Main-6/TRACE] [REI] [REIServerPlugin END] Reloading Section: "post-stage/"
[23:29:15] [Worker-Main-6/TRACE] [REI] [REIServerPlugin END] Reloading Section: "post-stage/MenuInfoRegistryImpl/"
[23:29:15] [Worker-Main-6/TRACE] [REI] [REIServerPlugin END] Reloading Section: "post-stage/MenuInfoRegistryImpl/" done in 7.263 μs
[23:29:15] [Worker-Main-6/TRACE] [REI] [REIServerPlugin END] Reloading Section: "post-stage/SlotAccessorRegistryImpl/"
[23:29:15] [Worker-Main-6/TRACE] [REI] [REIServerPlugin END] Reloading Section: "post-stage/SlotAccessorRegistryImpl/" done in 6.372 μs
[23:29:15] [Worker-Main-6/TRACE] [REI] [REIServerPlugin END] Reloading Section: "post-stage/" done in 232.6 μs
[23:29:15] [Worker-Main-6/DEBUG] [REI] ========================================
[23:29:15] [Worker-Main-6/INFO] [REI] REIServerPlugin finished post-reload for END in 794.1 μs, totaling 10.94 ms.
[23:29:15] [Worker-Main-6/DEBUG] [REI] ========================================
